# JRE version: OpenJDK Runtime Environment (11.0.12+7) (build 11.0.12+7-b1504.28-7817840)
# Java VM: OpenJDK 64-Bit Server VM (11.0.12+7-b1504.28-7817840, mixed mode, tiered, compressed oops, g1 gc, windows-amd64)
Heap:
 garbage-first heap   total 431104K, used 247808K [0x0000000080000000, 0x0000000100000000)
  region size 1024K, 21 young (21504K), 2 survivors (2048K)
 Metaspace       used 113145K, capacity 115588K, committed 115864K, reserved 1150976K
  class space    used 14304K, capacity 15222K, committed 15308K, reserved 1048576K
GC Heap History (20 events):
Event: 230.004 GC heap before
{Heap before GC invocations=74 (full 0):
 garbage-first heap   total 218112K, used 189709K [0x0000000080000000, 0x0000000100000000)
  region size 1024K, 10 young (10240K), 2 survivors (2048K)
 Metaspace       used 112447K, capacity 114881K, committed 114968K, reserved 1148928K
  class space    used 14202K, capacity 15117K, committed 15180K, reserved 1048576K
}
Event: 230.042 GC heap after
{Heap after GC invocations=75 (full 0):
 garbage-first heap   total 218112K, used 186368K [0x0000000080000000, 0x0000000100000000)
  region size 1024K, 2 young (2048K), 2 survivors (2048K)
 Metaspace       used 112447K, capacity 114881K, committed 114968K, reserved 1148928K
  class space    used 14202K, capacity 15117K, committed 15180K, reserved 1048576K
}
Event: 230.174 GC heap before
{Heap before GC invocations=75 (full 0):
 garbage-first heap   total 218112K, used 194560K [0x0000000080000000, 0x0000000100000000)
  region size 1024K, 10 young (10240K), 2 survivors (2048K)
 Metaspace       used 112449K, capacity 114882K, committed 114968K, reserved 1148928K
  class space    used 14202K, capacity 15117K, committed 15180K, reserved 1048576K
}
Event: 230.199 GC heap after
{Heap after GC invocations=76 (full 0):
 garbage-first heap   total 218112K, used 190913K [0x0000000080000000, 0x0000000100000000)
  region size 1024K, 2 young (2048K), 2 survivors (2048K)
 Metaspace       used 112449K, capacity 114882K, committed 114968K, reserved 1148928K
  class space    used 14202K, capacity 15117K, committed 15180K, reserved 1048576K
}
Event: 230.319 GC heap before
{Heap before GC invocations=76 (full 0):
 garbage-first heap   total 218112K, used 199105K [0x0000000080000000, 0x0000000100000000)
  region size 1024K, 10 young (10240K), 2 survivors (2048K)
 Metaspace       used 112452K, capacity 114885K, committed 114968K, reserved 1148928K
  class space    used 14202K, capacity 15117K, committed 15180K, reserved 1048576K
}
Event: 230.345 GC heap after
{Heap after GC invocations=77 (full 0):
 garbage-first heap   total 218112K, used 195386K [0x0000000080000000, 0x0000000100000000)
  region size 1024K, 2 young (2048K), 2 survivors (2048K)
 Metaspace       used 112452K, capacity 114885K, committed 114968K, reserved 1148928K
  class space    used 14202K, capacity 15117K, committed 15180K, reserved 1048576K
}
Event: 230.630 GC heap before
{Heap before GC invocations=77 (full 0):
 garbage-first heap   total 218112K, used 203578K [0x0000000080000000, 0x0000000100000000)
  region size 1024K, 10 young (10240K), 2 survivors (2048K)
 Metaspace       used 112457K, capacity 114885K, committed 114968K, reserved 1148928K
  class space    used 14202K, capacity 15117K, committed 15180K, reserved 1048576K
}
Event: 230.658 GC heap after
{Heap after GC invocations=78 (full 0):
 garbage-first heap   total 218112K, used 199878K [0x0000000080000000, 0x0000000100000000)
  region size 1024K, 2 young (2048K), 2 survivors (2048K)
 Metaspace       used 112457K, capacity 114885K, committed 114968K, reserved 1148928K
  class space    used 14202K, capacity 15117K, committed 15180K, reserved 1048576K
}
Event: 230.991 GC heap before
{Heap before GC invocations=78 (full 0):
 garbage-first heap   total 218112K, used 208070K [0x0000000080000000, 0x0000000100000000)
  region size 1024K, 10 young (10240K), 2 survivors (2048K)
 Metaspace       used 112457K, capacity 114885K, committed 114968K, reserved 1148928K
  class space    used 14202K, capacity 15117K, committed 15180K, reserved 1048576K
}
Event: 231.019 GC heap after
{Heap after GC invocations=79 (full 0):
 garbage-first heap   total 218112K, used 204174K [0x0000000080000000, 0x0000000100000000)
  region size 1024K, 2 young (2048K), 2 survivors (2048K)
 Metaspace       used 112457K, capacity 114885K, committed 114968K, reserved 1148928K
  class space    used 14202K, capacity 15117K, committed 15180K, reserved 1048576K
}
Event: 231.268 GC heap before
{Heap before GC invocations=79 (full 0):
 garbage-first heap   total 218112K, used 211342K [0x0000000080000000, 0x0000000100000000)
  region size 1024K, 10 young (10240K), 2 survivors (2048K)
 Metaspace       used 112457K, capacity 114885K, committed 114968K, reserved 1148928K
  class space    used 14202K, capacity 15117K, committed 15180K, reserved 1048576K
}
Event: 231.300 GC heap after
{Heap after GC invocations=80 (full 0):
 garbage-first heap   total 263168K, used 208666K [0x0000000080000000, 0x0000000100000000)
  region size 1024K, 2 young (2048K), 2 survivors (2048K)
 Metaspace       used 112457K, capacity 114885K, committed 114968K, reserved 1148928K
  class space    used 14202K, capacity 15117K, committed 15180K, reserved 1048576K
}
Event: 232.549 GC heap before
{Heap before GC invocations=80 (full 0):
 garbage-first heap   total 263168K, used 217882K [0x0000000080000000, 0x0000000100000000)
  region size 1024K, 12 young (12288K), 2 survivors (2048K)
 Metaspace       used 112445K, capacity 114861K, committed 114968K, reserved 1148928K
  class space    used 14198K, capacity 15108K, committed 15180K, reserved 1048576K
}
Event: 232.584 GC heap after
{Heap after GC invocations=81 (full 0):
 garbage-first heap   total 263168K, used 214216K [0x0000000080000000, 0x0000000100000000)
  region size 1024K, 2 young (2048K), 2 survivors (2048K)
 Metaspace       used 112445K, capacity 114861K, committed 114968K, reserved 1148928K
  class space    used 14198K, capacity 15108K, committed 15180K, reserved 1048576K
}
Event: 232.996 GC heap before
{Heap before GC invocations=82 (full 0):
 garbage-first heap   total 263168K, used 224456K [0x0000000080000000, 0x0000000100000000)
  region size 1024K, 12 young (12288K), 2 survivors (2048K)
 Metaspace       used 112450K, capacity 114861K, committed 114968K, reserved 1148928K
  class space    used 14198K, capacity 15108K, committed 15180K, reserved 1048576K
}
Event: 233.046 GC heap after
{Heap after GC invocations=83 (full 0):
 garbage-first heap   total 263168K, used 219612K [0x0000000080000000, 0x0000000100000000)
  region size 1024K, 2 young (2048K), 2 survivors (2048K)
 Metaspace       used 112450K, capacity 114861K, committed 114968K, reserved 1148928K
  class space    used 14198K, capacity 15108K, committed 15180K, reserved 1048576K
}
Event: 233.236 GC heap before
{Heap before GC invocations=83 (full 0):
 garbage-first heap   total 263168K, used 229852K [0x0000000080000000, 0x0000000100000000)
  region size 1024K, 12 young (12288K), 2 survivors (2048K)
 Metaspace       used 112450K, capacity 114861K, committed 114968K, reserved 1148928K
  class space    used 14198K, capacity 15108K, committed 15180K, reserved 1048576K
}
Event: 233.272 GC heap after
{Heap after GC invocations=84 (full 0):
 garbage-first heap   total 263168K, used 225209K [0x0000000080000000, 0x0000000100000000)
  region size 1024K, 2 young (2048K), 2 survivors (2048K)
 Metaspace       used 112450K, capacity 114861K, committed 114968K, reserved 1148928K
  class space    used 14198K, capacity 15108K, committed 15180K, reserved 1048576K
}
Event: 233.988 GC heap before
{Heap before GC invocations=84 (full 0):
 garbage-first heap   total 263168K, used 234425K [0x0000000080000000, 0x0000000100000000)
  region size 1024K, 12 young (12288K), 2 survivors (2048K)
 Metaspace       used 112463K, capacity 114861K, committed 114968K, reserved 1148928K
  class space    used 14199K, capacity 15108K, committed 15180K, reserved 1048576K
}
Event: 234.042 GC heap after
{Heap after GC invocations=85 (full 0):
 garbage-first heap   total 431104K, used 230400K [0x0000000080000000, 0x0000000100000000)
  region size 1024K, 2 young (2048K), 2 survivors (2048K)
 Metaspace       used 112463K, capacity 114861K, committed 114968K, reserved 1148928K
  class space    used 14199K, capacity 15108K, committed 15180K, reserved 1048576K
}

